{"name":"login","status":"failed","statusDetails":{"known":false,"muted":false,"flaky":false,"message":"check response info (3 failures)\r\n\tjava.lang.NullPointerException: <no message>\r\n\tjava.lang.NullPointerException: <no message>\r\n\torg.opentest4j.AssertionFailedError: expected: <success> but was: <null>","trace":"org.opentest4j.MultipleFailuresError: check response info (3 failures)\r\n\tjava.lang.NullPointerException: <no message>\r\n\tjava.lang.NullPointerException: <no message>\r\n\torg.opentest4j.AssertionFailedError: expected: <success> but was: <null>\r\n\tat org.junit.jupiter.api.AssertAll.assertAll(AssertAll.java:80)\r\n\tat org.junit.jupiter.api.AssertAll.assertAll(AssertAll.java:44)\r\n\tat org.junit.jupiter.api.Assertions.assertAll(Assertions.java:2911)\r\n\tat performance.WeAgentPerf.login(WeAgentPerf.java:45)\r\n\tat sun.reflect.GeneratedMethodAccessor1.invoke(Unknown Source)\r\n\tat sun.reflect.DelegatingMethodAccessorImpl.invoke(DelegatingMethodAccessorImpl.java:43)\r\n\tat java.lang.reflect.Method.invoke(Method.java:498)\r\n\tat org.testng.internal.MethodInvocationHelper.invokeMethod(MethodInvocationHelper.java:104)\r\n\tat org.testng.internal.Invoker.invokeConfigurationMethod(Invoker.java:515)\r\n\tat org.testng.internal.Invoker.invokeConfigurations(Invoker.java:217)\r\n\tat org.testng.internal.Invoker.invokeMethod(Invoker.java:590)\r\n\tat org.testng.internal.Invoker.invokeTestMethod(Invoker.java:851)\r\n\tat org.testng.internal.Invoker.invokeTestMethods(Invoker.java:1177)\r\n\tat org.testng.internal.TestMethodWorker.invokeTestMethods(TestMethodWorker.java:129)\r\n\tat org.testng.internal.TestMethodWorker.run(TestMethodWorker.java:112)\r\n\tat org.testng.internal.thread.ThreadUtil$2.call(ThreadUtil.java:64)\r\n\tat java.util.concurrent.FutureTask.run(FutureTask.java:266)\r\n\tat java.util.concurrent.ThreadPoolExecutor.runWorker(ThreadPoolExecutor.java:1149)\r\n\tat java.util.concurrent.ThreadPoolExecutor$Worker.run(ThreadPoolExecutor.java:624)\r\n\tat java.lang.Thread.run(Thread.java:748)\r\n\tSuppressed: java.lang.NullPointerException\r\n\t\tat performance.WeAgentPerf.lambda$login$0(WeAgentPerf.java:46)\r\n\t\tat org.junit.jupiter.api.AssertAll.lambda$assertAll$1(AssertAll.java:68)\r\n\t\tat java.util.stream.ReferencePipeline$3$1.accept(ReferencePipeline.java:193)\r\n\t\tat java.util.stream.ReferencePipeline$11$1.accept(ReferencePipeline.java:373)\r\n\t\tat java.util.Spliterators$ArraySpliterator.forEachRemaining(Spliterators.java:948)\r\n\t\tat java.util.stream.AbstractPipeline.copyInto(AbstractPipeline.java:481)\r\n\t\tat java.util.stream.AbstractPipeline.wrapAndCopyInto(AbstractPipeline.java:471)\r\n\t\tat java.util.stream.ReduceOps$ReduceOp.evaluateSequential(ReduceOps.java:708)\r\n\t\tat java.util.stream.AbstractPipeline.evaluate(AbstractPipeline.java:234)\r\n\t\tat java.util.stream.ReferencePipeline.collect(ReferencePipeline.java:499)\r\n\t\tat org.junit.jupiter.api.AssertAll.assertAll(AssertAll.java:77)\r\n\t\t... 19 more\r\n\tSuppressed: java.lang.NullPointerException\r\n\t\tat performance.WeAgentPerf.lambda$login$1(WeAgentPerf.java:47)\r\n\t\tat org.junit.jupiter.api.AssertAll.lambda$assertAll$1(AssertAll.java:68)\r\n\t\tat java.util.stream.ReferencePipeline$3$1.accept(ReferencePipeline.java:193)\r\n\t\tat java.util.stream.ReferencePipeline$11$1.accept(ReferencePipeline.java:373)\r\n\t\tat java.util.Spliterators$ArraySpliterator.forEachRemaining(Spliterators.java:948)\r\n\t\tat java.util.stream.AbstractPipeline.copyInto(AbstractPipeline.java:481)\r\n\t\tat java.util.stream.AbstractPipeline.wrapAndCopyInto(AbstractPipeline.java:471)\r\n\t\tat java.util.stream.ReduceOps$ReduceOp.evaluateSequential(ReduceOps.java:708)\r\n\t\tat java.util.stream.AbstractPipeline.evaluate(AbstractPipeline.java:234)\r\n\t\tat java.util.stream.ReferencePipeline.collect(ReferencePipeline.java:499)\r\n\t\tat org.junit.jupiter.api.AssertAll.assertAll(AssertAll.java:77)\r\n\t\t... 19 more\r\n\tSuppressed: org.opentest4j.AssertionFailedError: expected: <success> but was: <null>\r\n\t\tat org.junit.jupiter.api.AssertionUtils.fail(AssertionUtils.java:55)\r\n\t\tat org.junit.jupiter.api.AssertionUtils.failNotEqual(AssertionUtils.java:62)\r\n\t\tat org.junit.jupiter.api.AssertEquals.assertEquals(AssertEquals.java:182)\r\n\t\tat org.junit.jupiter.api.AssertEquals.assertEquals(AssertEquals.java:177)\r\n\t\tat org.junit.jupiter.api.Assertions.assertEquals(Assertions.java:1124)\r\n\t\tat performance.WeAgentPerf.lambda$login$2(WeAgentPerf.java:48)\r\n\t\tat org.junit.jupiter.api.AssertAll.lambda$assertAll$1(AssertAll.java:68)\r\n\t\tat java.util.stream.ReferencePipeline$3$1.accept(ReferencePipeline.java:193)\r\n\t\tat java.util.stream.ReferencePipeline$11$1.accept(ReferencePipeline.java:373)\r\n\t\tat java.util.Spliterators$ArraySpliterator.forEachRemaining(Spliterators.java:948)\r\n\t\tat java.util.stream.AbstractPipeline.copyInto(AbstractPipeline.java:481)\r\n\t\tat java.util.stream.AbstractPipeline.wrapAndCopyInto(AbstractPipeline.java:471)\r\n\t\tat java.util.stream.ReduceOps$ReduceOp.evaluateSequential(ReduceOps.java:708)\r\n\t\tat java.util.stream.AbstractPipeline.evaluate(AbstractPipeline.java:234)\r\n\t\tat java.util.stream.ReferencePipeline.collect(ReferencePipeline.java:499)\r\n\t\tat org.junit.jupiter.api.AssertAll.assertAll(AssertAll.java:77)\r\n\t\t... 19 more\r\n"},"stage":"finished","steps":[],"attachments":[],"parameters":[],"start":1659883014693,"stop":1659883014693,"uuid":"b07ddcd2-eb19-4670-8133-87274752e2a2","historyId":"81edb084998a370216b20a90da457528","fullName":"performance.WeAgentPerf.login","labels":[{"name":"package","value":"performance.WeAgentPerf"},{"name":"testClass","value":"performance.WeAgentPerf"},{"name":"testMethod","value":"login"},{"name":"parentSuite","value":"Default Suite"},{"name":"suite","value":"framework"},{"name":"subSuite","value":"performance.WeAgentPerf"},{"name":"host","value":"DESKTOP-LBAFN98"},{"name":"thread","value":"16004@DESKTOP-LBAFN98.TestNG(270)"},{"name":"framework","value":"testng"},{"name":"language","value":"java"}],"links":[]}