{"name":"outletList","status":"skipped","statusDetails":{"known":false,"muted":false,"flaky":false,"message":"check response info (3 failures)\r\n\tjava.lang.NullPointerException: <no message>\r\n\tjava.lang.NullPointerException: <no message>\r\n\torg.opentest4j.AssertionFailedError: expected: <success> but was: <null>","trace":"org.opentest4j.MultipleFailuresError: check response info (3 failures)\r\n\tjava.lang.NullPointerException: <no message>\r\n\tjava.lang.NullPointerException: <no message>\r\n\torg.opentest4j.AssertionFailedError: expected: <success> but was: <null>\r\n\tat org.junit.jupiter.api.AssertAll.assertAll(AssertAll.java:80)\r\n\tat org.junit.jupiter.api.AssertAll.assertAll(AssertAll.java:44)\r\n\tat org.junit.jupiter.api.Assertions.assertAll(Assertions.java:2911)\r\n\tat performance.YiManagerPerf.login(YiManagerPerf.java:49)\r\n\tat sun.reflect.GeneratedMethodAccessor3.invoke(Unknown Source)\r\n\tat sun.reflect.DelegatingMethodAccessorImpl.invoke(DelegatingMethodAccessorImpl.java:43)\r\n\tat java.lang.reflect.Method.invoke(Method.java:498)\r\n\tat org.testng.internal.MethodInvocationHelper.invokeMethod(MethodInvocationHelper.java:104)\r\n\tat org.testng.internal.Invoker.invokeConfigurationMethod(Invoker.java:515)\r\n\tat org.testng.internal.Invoker.invokeConfigurations(Invoker.java:217)\r\n\tat org.testng.internal.Invoker.invokeMethod(Invoker.java:590)\r\n\tat org.testng.internal.Invoker.invokeTestMethod(Invoker.java:851)\r\n\tat org.testng.internal.Invoker.invokeTestMethods(Invoker.java:1177)\r\n\tat org.testng.internal.TestMethodWorker.invokeTestMethods(TestMethodWorker.java:129)\r\n\tat org.testng.internal.TestMethodWorker.run(TestMethodWorker.java:112)\r\n\tat org.testng.internal.thread.ThreadUtil$2.call(ThreadUtil.java:64)\r\n\tat java.util.concurrent.FutureTask.run(FutureTask.java:266)\r\n\tat java.util.concurrent.ThreadPoolExecutor.runWorker(ThreadPoolExecutor.java:1149)\r\n\tat java.util.concurrent.ThreadPoolExecutor$Worker.run(ThreadPoolExecutor.java:624)\r\n\tat java.lang.Thread.run(Thread.java:748)\r\n\tSuppressed: java.lang.NullPointerException\r\n\t\tat performance.YiManagerPerf.lambda$login$0(YiManagerPerf.java:50)\r\n\t\tat org.junit.jupiter.api.AssertAll.lambda$assertAll$1(AssertAll.java:68)\r\n\t\tat java.util.stream.ReferencePipeline$3$1.accept(ReferencePipeline.java:193)\r\n\t\tat java.util.stream.ReferencePipeline$11$1.accept(ReferencePipeline.java:373)\r\n\t\tat java.util.Spliterators$ArraySpliterator.forEachRemaining(Spliterators.java:948)\r\n\t\tat java.util.stream.AbstractPipeline.copyInto(AbstractPipeline.java:481)\r\n\t\tat java.util.stream.AbstractPipeline.wrapAndCopyInto(AbstractPipeline.java:471)\r\n\t\tat java.util.stream.ReduceOps$ReduceOp.evaluateSequential(ReduceOps.java:708)\r\n\t\tat java.util.stream.AbstractPipeline.evaluate(AbstractPipeline.java:234)\r\n\t\tat java.util.stream.ReferencePipeline.collect(ReferencePipeline.java:499)\r\n\t\tat org.junit.jupiter.api.AssertAll.assertAll(AssertAll.java:77)\r\n\t\t... 19 more\r\n\tSuppressed: java.lang.NullPointerException\r\n\t\tat performance.YiManagerPerf.lambda$login$1(YiManagerPerf.java:51)\r\n\t\tat org.junit.jupiter.api.AssertAll.lambda$assertAll$1(AssertAll.java:68)\r\n\t\tat java.util.stream.ReferencePipeline$3$1.accept(ReferencePipeline.java:193)\r\n\t\tat java.util.stream.ReferencePipeline$11$1.accept(ReferencePipeline.java:373)\r\n\t\tat java.util.Spliterators$ArraySpliterator.forEachRemaining(Spliterators.java:948)\r\n\t\tat java.util.stream.AbstractPipeline.copyInto(AbstractPipeline.java:481)\r\n\t\tat java.util.stream.AbstractPipeline.wrapAndCopyInto(AbstractPipeline.java:471)\r\n\t\tat java.util.stream.ReduceOps$ReduceOp.evaluateSequential(ReduceOps.java:708)\r\n\t\tat java.util.stream.AbstractPipeline.evaluate(AbstractPipeline.java:234)\r\n\t\tat java.util.stream.ReferencePipeline.collect(ReferencePipeline.java:499)\r\n\t\tat org.junit.jupiter.api.AssertAll.assertAll(AssertAll.java:77)\r\n\t\t... 19 more\r\n\tSuppressed: org.opentest4j.AssertionFailedError: expected: <success> but was: <null>\r\n\t\tat org.junit.jupiter.api.AssertionUtils.fail(AssertionUtils.java:55)\r\n\t\tat org.junit.jupiter.api.AssertionUtils.failNotEqual(AssertionUtils.java:62)\r\n\t\tat org.junit.jupiter.api.AssertEquals.assertEquals(AssertEquals.java:182)\r\n\t\tat org.junit.jupiter.api.AssertEquals.assertEquals(AssertEquals.java:177)\r\n\t\tat org.junit.jupiter.api.Assertions.assertEquals(Assertions.java:1124)\r\n\t\tat performance.YiManagerPerf.lambda$login$2(YiManagerPerf.java:52)\r\n\t\tat org.junit.jupiter.api.AssertAll.lambda$assertAll$1(AssertAll.java:68)\r\n\t\tat java.util.stream.ReferencePipeline$3$1.accept(ReferencePipeline.java:193)\r\n\t\tat java.util.stream.ReferencePipeline$11$1.accept(ReferencePipeline.java:373)\r\n\t\tat java.util.Spliterators$ArraySpliterator.forEachRemaining(Spliterators.java:948)\r\n\t\tat java.util.stream.AbstractPipeline.copyInto(AbstractPipeline.java:481)\r\n\t\tat java.util.stream.AbstractPipeline.wrapAndCopyInto(AbstractPipeline.java:471)\r\n\t\tat java.util.stream.ReduceOps$ReduceOp.evaluateSequential(ReduceOps.java:708)\r\n\t\tat java.util.stream.AbstractPipeline.evaluate(AbstractPipeline.java:234)\r\n\t\tat java.util.stream.ReferencePipeline.collect(ReferencePipeline.java:499)\r\n\t\tat org.junit.jupiter.api.AssertAll.assertAll(AssertAll.java:77)\r\n\t\t... 19 more\r\n"},"stage":"finished","steps":[],"attachments":[],"parameters":[],"start":1659880475311,"stop":1659880475311,"uuid":"b511771e-872d-43e1-8729-274d41095d34","historyId":"7a5558b6ab0e7051b32fb76bf10c4242","fullName":"performance.YiManagerPerf.outletList","labels":[{"name":"package","value":"performance.YiManagerPerf"},{"name":"testClass","value":"performance.YiManagerPerf"},{"name":"testMethod","value":"outletList"},{"name":"parentSuite","value":"Default Suite"},{"name":"suite","value":"framework"},{"name":"subSuite","value":"performance.YiManagerPerf"},{"name":"host","value":"DESKTOP-LBAFN98"},{"name":"thread","value":"13188@DESKTOP-LBAFN98.TestNG(178)"},{"name":"framework","value":"testng"},{"name":"language","value":"java"}],"links":[]}